Build started 11/17/2014 2:19:53 AM.
     1>Project "C:\Users\Nikhil\Documents\Visual Studio 2013\Projects\GLSL\pg3_nnayak2\pg3_nnayak2.vcxproj" on node 2 (Build target(s)).
     1>ClCompile:
         C:\Program Files (x86)\Microsoft Visual Studio 12.0\VC\bin\CL.exe /c /ZI /nologo /W3 /WX- /Od /Oy- /D WIN32 /D _DEBUG /D _CONSOLE /D _LIB /D _UNICODE /D UNICODE /Gm /EHsc /RTC1 /MDd /GS /fp:precise /Zc:wchar_t /Zc:forScope /Fo"Debug\\" /Fd"Debug\vc120.pdb" /Gd /TP /analyze- /errorReport:prompt scene.cpp
         scene.cpp
     1>c:\users\nikhil\documents\visual studio 2013\projects\glsl\pg3_nnayak2\scene.cpp(17): warning C4996: 'fopen': This function or variable may be unsafe. Consider using fopen_s instead. To disable deprecation, use _CRT_SECURE_NO_WARNINGS. See online help for details.
                 c:\program files (x86)\microsoft visual studio 12.0\vc\include\stdio.h(211) : see declaration of 'fopen'
     1>c:\users\nikhil\documents\visual studio 2013\projects\glsl\pg3_nnayak2\scene.cpp(217): warning C4996: 'scanf': This function or variable may be unsafe. Consider using scanf_s instead. To disable deprecation, use _CRT_SECURE_NO_WARNINGS. See online help for details.
                 c:\program files (x86)\microsoft visual studio 12.0\vc\include\stdio.h(283) : see declaration of 'scanf'
       Link:
         C:\Program Files (x86)\Microsoft Visual Studio 12.0\VC\bin\link.exe /ERRORREPORT:PROMPT /OUT:"C:\Users\Nikhil\Documents\Visual Studio 2013\Projects\GLSL\Debug\pg3_nnayak2.exe" /INCREMENTAL /NOLOGO glew32.lib /MANIFEST /MANIFESTUAC:"level='asInvoker' uiAccess='false'" /manifest:embed /DEBUG /PDB:"C:\Users\Nikhil\Documents\Visual Studio 2013\Projects\GLSL\Debug\pg3_nnayak2.pdb" /SUBSYSTEM:CONSOLE /TLBID:1 /DYNAMICBASE /NXCOMPAT /IMPLIB:"C:\Users\Nikhil\Documents\Visual Studio 2013\Projects\GLSL\Debug\pg3_nnayak2.lib" /MACHINE:X86 Debug\main.obj
         Debug\scene.obj
         Debug\image_DXT.obj
         Debug\image_helper.obj
         Debug\SOIL.obj
         Debug\stb_image_aug.obj
         Debug\tiny_obj_loader.obj
         pg3_nnayak2.vcxproj -> C:\Users\Nikhil\Documents\Visual Studio 2013\Projects\GLSL\Debug\pg3_nnayak2.exe
     1>Done Building Project "C:\Users\Nikhil\Documents\Visual Studio 2013\Projects\GLSL\pg3_nnayak2\pg3_nnayak2.vcxproj" (Build target(s)).

Build succeeded.

Time Elapsed 00:00:00.95
